2021-04-27 17:33:07.1406 [DEBUG] Scene Fusion version 1.9.1-4
2021-04-27 17:33:07.1434 [INFO] Setting define symbol SCENE_FUSION
2021-04-27 17:33:15.7898 [DEBUG] Scene Fusion version 1.9.1-4
2021-04-27 17:33:37.3812 [ERROR] NullReferenceException: Object reference not set to an instance of an object
KS.SceneFusion.sfLoginMenu.Login () (at <5b8ae5b622b04a47ac88feb32dd37ddd>:0)
KS.Unity.Editor.BaseLoginMenu`1[T].Draw (KS.Unity.Editor.Window window) (at <b7eff93815874cc5881829a84b496d55>:0)
KS.SceneFusion.sfLoginMenu.KS.Unity.Editor.IMenu.Draw (KS.Unity.Editor.Window window) (at <5b8ae5b622b04a47ac88feb32dd37ddd>:0)
KS.Unity.Editor.Window.OnGUI () (at <b7eff93815874cc5881829a84b496d55>:0)
UnityEditor.HostView.InvokeOnGUI (UnityEngine.Rect onGUIPosition, UnityEngine.Rect viewRect) (at <1798d6bccd2b44b2854be2fbcc2463b3>:0)
UnityEditor.DockArea.DrawView (UnityEngine.Rect viewRect, UnityEngine.Rect dockAreaRect) (at <1798d6bccd2b44b2854be2fbcc2463b3>:0)
UnityEditor.DockArea.OldOnGUI () (at <1798d6bccd2b44b2854be2fbcc2463b3>:0)
UnityEngine.UIElements.IMGUIContainer.DoOnGUI (UnityEngine.Event evt, UnityEngine.Matrix4x4 parentTransform, UnityEngine.Rect clippingRect, System.Boolean isComputingLayout, UnityEngine.Rect layoutSize, System.Action onGUIHandler, System.Boolean canAffectFocus) (at <6aef74cd6e9c4a708ea4a51c97de39d4>:0)
UnityEngine.UIElements.IMGUIContainer.HandleIMGUIEvent (UnityEngine.Event e, UnityEngine.Matrix4x4 worldTransform, UnityEngine.Rect clippingRect, System.Action onGUIHandler, System.Boolean canAffectFocus) (at <6aef74cd6e9c4a708ea4a51c97de39d4>:0)
UnityEngine.UIElements.IMGUIContainer.HandleIMGUIEvent (UnityEngine.Event e, System.Action onGUIHandler, System.Boolean canAffectFocus) (at <6aef74cd6e9c4a708ea4a51c97de39d4>:0)
UnityEngine.UIElements.IMGUIContainer.HandleIMGUIEvent (UnityEngine.Event e, System.Boolean canAffectFocus) (at <6aef74cd6e9c4a708ea4a51c97de39d4>:0)
UnityEngine.UIElements.IMGUIContainer.SendEventToIMGUIRaw (UnityEngine.UIElements.EventBase evt, System.Boolean canAffectFocus, System.Boolean verifyBounds) (at <6aef74cd6e9c4a708ea4a51c97de39d4>:0)
UnityEngine.UIElements.IMGUIContainer.SendEventToIMGUI (UnityEngine.UIElements.EventBase evt, System.Boolean canAffectFocus, System.Boolean verifyBounds) (at <6aef74cd6e9c4a708ea4a51c97de39d4>:0)
UnityEngine.UIElements.KeyboardEventDispatchingStrategy.DispatchEvent (UnityEngine.UIElements.EventBase evt, UnityEngine.UIElements.IPanel panel) (at <6aef74cd6e9c4a708ea4a51c97de39d4>:0)
UnityEngine.UIElements.EventDispatcher.ApplyDispatchingStrategies (UnityEngine.UIElements.EventBase evt, UnityEngine.UIElements.IPanel panel, System.Boolean imguiEventIsInitiallyUsed) (at <6aef74cd6e9c4a708ea4a51c97de39d4>:0)
UnityEngine.UIElements.EventDispatcher.ProcessEvent (UnityEngine.UIElements.EventBase evt, UnityEngine.UIElements.IPanel panel) (at <6aef74cd6e9c4a708ea4a51c97de39d4>:0)
UnityEngine.UIElements.EventDispatcher.Dispatch (UnityEngine.UIElements.EventBase evt, UnityEngine.UIElements.IPanel panel, UnityEngine.UIElements.DispatchMode dispatchMode) (at <6aef74cd6e9c4a708ea4a51c97de39d4>:0)
UnityEngine.UIElements.BaseVisualElementPanel.SendEvent (UnityEngine.UIElements.EventBase e, UnityEngine.UIElements.DispatchMode dispatchMode) (at <6aef74cd6e9c4a708ea4a51c97de39d4>:0)
UnityEngine.UIElements.UIElementsUtility.DoDispatch (UnityEngine.UIElements.BaseVisualElementPanel panel) (at <6aef74cd6e9c4a708ea4a51c97de39d4>:0)
UnityEngine.UIElements.UIElementsUtility.UnityEngine.UIElements.IUIElementsUtility.ProcessEvent (System.Int32 instanceID, System.IntPtr nativeEventPtr, System.Boolean& eventHandled) (at <6aef74cd6e9c4a708ea4a51c97de39d4>:0)
UnityEngine.UIElements.UIEventRegistration.ProcessEvent (System.Int32 instanceID, System.IntPtr nativeEventPtr) (at <6aef74cd6e9c4a708ea4a51c97de39d4>:0)
UnityEngine.UIElements.UIEventRegistration+<>c.<.cctor>b__1_2 (System.Int32 i, System.IntPtr ptr) (at <6aef74cd6e9c4a708ea4a51c97de39d4>:0)
UnityEngine.GUIUtility.ProcessEvent (System.Int32 instanceID, System.IntPtr nativeEventPtr, System.Boolean& result) (at <9ff04fda545c4aacb8dab659ad40b2f4>:0)

2021-04-27 17:34:05.7352 [ERROR] NullReferenceException: Object reference not set to an instance of an object
KS.SceneFusion.sfLoginMenu.Login () (at <5b8ae5b622b04a47ac88feb32dd37ddd>:0)
KS.Unity.Editor.BaseLoginMenu`1[T].Draw (KS.Unity.Editor.Window window) (at <b7eff93815874cc5881829a84b496d55>:0)
KS.SceneFusion.sfLoginMenu.KS.Unity.Editor.IMenu.Draw (KS.Unity.Editor.Window window) (at <5b8ae5b622b04a47ac88feb32dd37ddd>:0)
KS.Unity.Editor.Window.OnGUI () (at <b7eff93815874cc5881829a84b496d55>:0)
UnityEditor.HostView.InvokeOnGUI (UnityEngine.Rect onGUIPosition, UnityEngine.Rect viewRect) (at <1798d6bccd2b44b2854be2fbcc2463b3>:0)
UnityEditor.DockArea.DrawView (UnityEngine.Rect viewRect, UnityEngine.Rect dockAreaRect) (at <1798d6bccd2b44b2854be2fbcc2463b3>:0)
UnityEditor.DockArea.OldOnGUI () (at <1798d6bccd2b44b2854be2fbcc2463b3>:0)
UnityEngine.UIElements.IMGUIContainer.DoOnGUI (UnityEngine.Event evt, UnityEngine.Matrix4x4 parentTransform, UnityEngine.Rect clippingRect, System.Boolean isComputingLayout, UnityEngine.Rect layoutSize, System.Action onGUIHandler, System.Boolean canAffectFocus) (at <6aef74cd6e9c4a708ea4a51c97de39d4>:0)
UnityEngine.UIElements.IMGUIContainer.HandleIMGUIEvent (UnityEngine.Event e, UnityEngine.Matrix4x4 worldTransform, UnityEngine.Rect clippingRect, System.Action onGUIHandler, System.Boolean canAffectFocus) (at <6aef74cd6e9c4a708ea4a51c97de39d4>:0)
UnityEngine.UIElements.IMGUIContainer.HandleIMGUIEvent (UnityEngine.Event e, System.Action onGUIHandler, System.Boolean canAffectFocus) (at <6aef74cd6e9c4a708ea4a51c97de39d4>:0)
UnityEngine.UIElements.IMGUIContainer.HandleIMGUIEvent (UnityEngine.Event e, System.Boolean canAffectFocus) (at <6aef74cd6e9c4a708ea4a51c97de39d4>:0)
UnityEngine.UIElements.IMGUIContainer.SendEventToIMGUIRaw (UnityEngine.UIElements.EventBase evt, System.Boolean canAffectFocus, System.Boolean verifyBounds) (at <6aef74cd6e9c4a708ea4a51c97de39d4>:0)
UnityEngine.UIElements.IMGUIContainer.SendEventToIMGUI (UnityEngine.UIElements.EventBase evt, System.Boolean canAffectFocus, System.Boolean verifyBounds) (at <6aef74cd6e9c4a708ea4a51c97de39d4>:0)
UnityEngine.UIElements.IMGUIContainer.HandleEvent (UnityEngine.UIElements.EventBase evt) (at <6aef74cd6e9c4a708ea4a51c97de39d4>:0)
UnityEngine.UIElements.CallbackEventHandler.HandleEventAtTargetPhase (UnityEngine.UIElements.EventBase evt) (at <6aef74cd6e9c4a708ea4a51c97de39d4>:0)
UnityEngine.UIElements.MouseCaptureDispatchingStrategy.DispatchEvent (UnityEngine.UIElements.EventBase evt, UnityEngine.UIElements.IPanel panel) (at <6aef74cd6e9c4a708ea4a51c97de39d4>:0)
UnityEngine.UIElements.EventDispatcher.ApplyDispatchingStrategies (UnityEngine.UIElements.EventBase evt, UnityEngine.UIElements.IPanel panel, System.Boolean imguiEventIsInitiallyUsed) (at <6aef74cd6e9c4a708ea4a51c97de39d4>:0)
UnityEngine.UIElements.EventDispatcher.ProcessEvent (UnityEngine.UIElements.EventBase evt, UnityEngine.UIElements.IPanel panel) (at <6aef74cd6e9c4a708ea4a51c97de39d4>:0)
UnityEngine.UIElements.EventDispatcher.ProcessEventQueue () (at <6aef74cd6e9c4a708ea4a51c97de39d4>:0)
UnityEngine.UIElements.EventDispatcher.OpenGate () (at <6aef74cd6e9c4a708ea4a51c97de39d4>:0)
UnityEngine.UIElements.EventDispatcherGate.Dispose () (at <6aef74cd6e9c4a708ea4a51c97de39d4>:0)
UnityEngine.UIElements.EventDispatcher.ProcessEvent (UnityEngine.UIElements.EventBase evt, UnityEngine.UIElements.IPanel panel) (at <6aef74cd6e9c4a708ea4a51c97de39d4>:0)
UnityEngine.UIElements.EventDispatcher.Dispatch (UnityEngine.UIElements.EventBase evt, UnityEngine.UIElements.IPanel panel, UnityEngine.UIElements.DispatchMode dispatchMode) (at <6aef74cd6e9c4a708ea4a51c97de39d4>:0)
UnityEngine.UIElements.BaseVisualElementPanel.SendEvent (UnityEngine.UIElements.EventBase e, UnityEngine.UIElements.DispatchMode dispatchMode) (at <6aef74cd6e9c4a708ea4a51c97de39d4>:0)
UnityEngine.UIElements.UIElementsUtility.DoDispatch (UnityEngine.UIElements.BaseVisualElementPanel panel) (at <6aef74cd6e9c4a708ea4a51c97de39d4>:0)
UnityEngine.UIElements.UIElementsUtility.UnityEngine.UIElements.IUIElementsUtility.ProcessEvent (System.Int32 instanceID, System.IntPtr nativeEventPtr, System.Boolean& eventHandled) (at <6aef74cd6e9c4a708ea4a51c97de39d4>:0)
UnityEngine.UIElements.UIEventRegistration.ProcessEvent (System.Int32 instanceID, System.IntPtr nativeEventPtr) (at <6aef74cd6e9c4a708ea4a51c97de39d4>:0)
UnityEngine.UIElements.UIEventRegistration+<>c.<.cctor>b__1_2 (System.Int32 i, System.IntPtr ptr) (at <6aef74cd6e9c4a708ea4a51c97de39d4>:0)
UnityEngine.GUIUtility.ProcessEvent (System.Int32 instanceID, System.IntPtr nativeEventPtr, System.Boolean& result) (at <9ff04fda545c4aacb8dab659ad40b2f4>:0)

2021-04-27 17:35:22.1193 [ERROR] NullReferenceException: Object reference not set to an instance of an object
KS.SceneFusion.sfLoginMenu.Login () (at <5b8ae5b622b04a47ac88feb32dd37ddd>:0)
KS.Unity.Editor.BaseLoginMenu`1[T].Draw (KS.Unity.Editor.Window window) (at <b7eff93815874cc5881829a84b496d55>:0)
KS.SceneFusion.sfLoginMenu.KS.Unity.Editor.IMenu.Draw (KS.Unity.Editor.Window window) (at <5b8ae5b622b04a47ac88feb32dd37ddd>:0)
KS.Unity.Editor.Window.OnGUI () (at <b7eff93815874cc5881829a84b496d55>:0)
UnityEditor.HostView.InvokeOnGUI (UnityEngine.Rect onGUIPosition, UnityEngine.Rect viewRect) (at <1798d6bccd2b44b2854be2fbcc2463b3>:0)
UnityEditor.DockArea.DrawView (UnityEngine.Rect viewRect, UnityEngine.Rect dockAreaRect) (at <1798d6bccd2b44b2854be2fbcc2463b3>:0)
UnityEditor.DockArea.OldOnGUI () (at <1798d6bccd2b44b2854be2fbcc2463b3>:0)
UnityEngine.UIElements.IMGUIContainer.DoOnGUI (UnityEngine.Event evt, UnityEngine.Matrix4x4 parentTransform, UnityEngine.Rect clippingRect, System.Boolean isComputingLayout, UnityEngine.Rect layoutSize, System.Action onGUIHandler, System.Boolean canAffectFocus) (at <6aef74cd6e9c4a708ea4a51c97de39d4>:0)
UnityEngine.UIElements.IMGUIContainer.HandleIMGUIEvent (UnityEngine.Event e, UnityEngine.Matrix4x4 worldTransform, UnityEngine.Rect clippingRect, System.Action onGUIHandler, System.Boolean canAffectFocus) (at <6aef74cd6e9c4a708ea4a51c97de39d4>:0)
UnityEngine.UIElements.IMGUIContainer.HandleIMGUIEvent (UnityEngine.Event e, System.Action onGUIHandler, System.Boolean canAffectFocus) (at <6aef74cd6e9c4a708ea4a51c97de39d4>:0)
UnityEngine.UIElements.IMGUIContainer.HandleIMGUIEvent (UnityEngine.Event e, System.Boolean canAffectFocus) (at <6aef74cd6e9c4a708ea4a51c97de39d4>:0)
UnityEngine.UIElements.IMGUIContainer.SendEventToIMGUIRaw (UnityEngine.UIElements.EventBase evt, System.Boolean canAffectFocus, System.Boolean verifyBounds) (at <6aef74cd6e9c4a708ea4a51c97de39d4>:0)
UnityEngine.UIElements.IMGUIContainer.SendEventToIMGUI (UnityEngine.UIElements.EventBase evt, System.Boolean canAffectFocus, System.Boolean verifyBounds) (at <6aef74cd6e9c4a708ea4a51c97de39d4>:0)
UnityEngine.UIElements.KeyboardEventDispatchingStrategy.DispatchEvent (UnityEngine.UIElements.EventBase evt, UnityEngine.UIElements.IPanel panel) (at <6aef74cd6e9c4a708ea4a51c97de39d4>:0)
UnityEngine.UIElements.EventDispatcher.ApplyDispatchingStrategies (UnityEngine.UIElements.EventBase evt, UnityEngine.UIElements.IPanel panel, System.Boolean imguiEventIsInitiallyUsed) (at <6aef74cd6e9c4a708ea4a51c97de39d4>:0)
UnityEngine.UIElements.EventDispatcher.ProcessEvent (UnityEngine.UIElements.EventBase evt, UnityEngine.UIElements.IPanel panel) (at <6aef74cd6e9c4a708ea4a51c97de39d4>:0)
UnityEngine.UIElements.EventDispatcher.Dispatch (UnityEngine.UIElements.EventBase evt, UnityEngine.UIElements.IPanel panel, UnityEngine.UIElements.DispatchMode dispatchMode) (at <6aef74cd6e9c4a708ea4a51c97de39d4>:0)
UnityEngine.UIElements.BaseVisualElementPanel.SendEvent (UnityEngine.UIElements.EventBase e, UnityEngine.UIElements.DispatchMode dispatchMode) (at <6aef74cd6e9c4a708ea4a51c97de39d4>:0)
UnityEngine.UIElements.UIElementsUtility.DoDispatch (UnityEngine.UIElements.BaseVisualElementPanel panel) (at <6aef74cd6e9c4a708ea4a51c97de39d4>:0)
UnityEngine.UIElements.UIElementsUtility.UnityEngine.UIElements.IUIElementsUtility.ProcessEvent (System.Int32 instanceID, System.IntPtr nativeEventPtr, System.Boolean& eventHandled) (at <6aef74cd6e9c4a708ea4a51c97de39d4>:0)
UnityEngine.UIElements.UIEventRegistration.ProcessEvent (System.Int32 instanceID, System.IntPtr nativeEventPtr) (at <6aef74cd6e9c4a708ea4a51c97de39d4>:0)
UnityEngine.UIElements.UIEventRegistration+<>c.<.cctor>b__1_2 (System.Int32 i, System.IntPtr ptr) (at <6aef74cd6e9c4a708ea4a51c97de39d4>:0)
UnityEngine.GUIUtility.ProcessEvent (System.Int32 instanceID, System.IntPtr nativeEventPtr, System.Boolean& result) (at <9ff04fda545c4aacb8dab659ad40b2f4>:0)

2021-04-27 17:37:17.4130 [ERROR] NullReferenceException: Object reference not set to an instance of an object
KS.SceneFusion.sfLoginMenu.Login () (at <5b8ae5b622b04a47ac88feb32dd37ddd>:0)
KS.Unity.Editor.BaseLoginMenu`1[T].Draw (KS.Unity.Editor.Window window) (at <b7eff93815874cc5881829a84b496d55>:0)
KS.SceneFusion.sfLoginMenu.KS.Unity.Editor.IMenu.Draw (KS.Unity.Editor.Window window) (at <5b8ae5b622b04a47ac88feb32dd37ddd>:0)
KS.Unity.Editor.Window.OnGUI () (at <b7eff93815874cc5881829a84b496d55>:0)
UnityEditor.HostView.InvokeOnGUI (UnityEngine.Rect onGUIPosition, UnityEngine.Rect viewRect) (at <1798d6bccd2b44b2854be2fbcc2463b3>:0)
UnityEditor.DockArea.DrawView (UnityEngine.Rect viewRect, UnityEngine.Rect dockAreaRect) (at <1798d6bccd2b44b2854be2fbcc2463b3>:0)
UnityEditor.DockArea.OldOnGUI () (at <1798d6bccd2b44b2854be2fbcc2463b3>:0)
UnityEngine.UIElements.IMGUIContainer.DoOnGUI (UnityEngine.Event evt, UnityEngine.Matrix4x4 parentTransform, UnityEngine.Rect clippingRect, System.Boolean isComputingLayout, UnityEngine.Rect layoutSize, System.Action onGUIHandler, System.Boolean canAffectFocus) (at <6aef74cd6e9c4a708ea4a51c97de39d4>:0)
UnityEngine.UIElements.IMGUIContainer.HandleIMGUIEvent (UnityEngine.Event e, UnityEngine.Matrix4x4 worldTransform, UnityEngine.Rect clippingRect, System.Action onGUIHandler, System.Boolean canAffectFocus) (at <6aef74cd6e9c4a708ea4a51c97de39d4>:0)
UnityEngine.UIElements.IMGUIContainer.HandleIMGUIEvent (UnityEngine.Event e, System.Action onGUIHandler, System.Boolean canAffectFocus) (at <6aef74cd6e9c4a708ea4a51c97de39d4>:0)
UnityEngine.UIElements.IMGUIContainer.HandleIMGUIEvent (UnityEngine.Event e, System.Boolean canAffectFocus) (at <6aef74cd6e9c4a708ea4a51c97de39d4>:0)
UnityEngine.UIElements.IMGUIContainer.SendEventToIMGUIRaw (UnityEngine.UIElements.EventBase evt, System.Boolean canAffectFocus, System.Boolean verifyBounds) (at <6aef74cd6e9c4a708ea4a51c97de39d4>:0)
UnityEngine.UIElements.IMGUIContainer.SendEventToIMGUI (UnityEngine.UIElements.EventBase evt, System.Boolean canAffectFocus, System.Boolean verifyBounds) (at <6aef74cd6e9c4a708ea4a51c97de39d4>:0)
UnityEngine.UIElements.KeyboardEventDispatchingStrategy.DispatchEvent (UnityEngine.UIElements.EventBase evt, UnityEngine.UIElements.IPanel panel) (at <6aef74cd6e9c4a708ea4a51c97de39d4>:0)
UnityEngine.UIElements.EventDispatcher.ApplyDispatchingStrategies (UnityEngine.UIElements.EventBase evt, UnityEngine.UIElements.IPanel panel, System.Boolean imguiEventIsInitiallyUsed) (at <6aef74cd6e9c4a708ea4a51c97de39d4>:0)
UnityEngine.UIElements.EventDispatcher.ProcessEvent (UnityEngine.UIElements.EventBase evt, UnityEngine.UIElements.IPanel panel) (at <6aef74cd6e9c4a708ea4a51c97de39d4>:0)
UnityEngine.UIElements.EventDispatcher.Dispatch (UnityEngine.UIElements.EventBase evt, UnityEngine.UIElements.IPanel panel, UnityEngine.UIElements.DispatchMode dispatchMode) (at <6aef74cd6e9c4a708ea4a51c97de39d4>:0)
UnityEngine.UIElements.BaseVisualElementPanel.SendEvent (UnityEngine.UIElements.EventBase e, UnityEngine.UIElements.DispatchMode dispatchMode) (at <6aef74cd6e9c4a708ea4a51c97de39d4>:0)
UnityEngine.UIElements.UIElementsUtility.DoDispatch (UnityEngine.UIElements.BaseVisualElementPanel panel) (at <6aef74cd6e9c4a708ea4a51c97de39d4>:0)
UnityEngine.UIElements.UIElementsUtility.UnityEngine.UIElements.IUIElementsUtility.ProcessEvent (System.Int32 instanceID, System.IntPtr nativeEventPtr, System.Boolean& eventHandled) (at <6aef74cd6e9c4a708ea4a51c97de39d4>:0)
UnityEngine.UIElements.UIEventRegistration.ProcessEvent (System.Int32 instanceID, System.IntPtr nativeEventPtr) (at <6aef74cd6e9c4a708ea4a51c97de39d4>:0)
UnityEngine.UIElements.UIEventRegistration+<>c.<.cctor>b__1_2 (System.Int32 i, System.IntPtr ptr) (at <6aef74cd6e9c4a708ea4a51c97de39d4>:0)
UnityEngine.GUIUtility.ProcessEvent (System.Int32 instanceID, System.IntPtr nativeEventPtr, System.Boolean& result) (at <9ff04fda545c4aacb8dab659ad40b2f4>:0)

2021-04-27 17:37:18.3695 [ERROR] NullReferenceException: Object reference not set to an instance of an object
KS.SceneFusion.sfLoginMenu.Login () (at <5b8ae5b622b04a47ac88feb32dd37ddd>:0)
KS.Unity.Editor.BaseLoginMenu`1[T].Draw (KS.Unity.Editor.Window window) (at <b7eff93815874cc5881829a84b496d55>:0)
KS.SceneFusion.sfLoginMenu.KS.Unity.Editor.IMenu.Draw (KS.Unity.Editor.Window window) (at <5b8ae5b622b04a47ac88feb32dd37ddd>:0)
KS.Unity.Editor.Window.OnGUI () (at <b7eff93815874cc5881829a84b496d55>:0)
UnityEditor.HostView.InvokeOnGUI (UnityEngine.Rect onGUIPosition, UnityEngine.Rect viewRect) (at <1798d6bccd2b44b2854be2fbcc2463b3>:0)
UnityEditor.DockArea.DrawView (UnityEngine.Rect viewRect, UnityEngine.Rect dockAreaRect) (at <1798d6bccd2b44b2854be2fbcc2463b3>:0)
UnityEditor.DockArea.OldOnGUI () (at <1798d6bccd2b44b2854be2fbcc2463b3>:0)
UnityEngine.UIElements.IMGUIContainer.DoOnGUI (UnityEngine.Event evt, UnityEngine.Matrix4x4 parentTransform, UnityEngine.Rect clippingRect, System.Boolean isComputingLayout, UnityEngine.Rect layoutSize, System.Action onGUIHandler, System.Boolean canAffectFocus) (at <6aef74cd6e9c4a708ea4a51c97de39d4>:0)
UnityEngine.UIElements.IMGUIContainer.HandleIMGUIEvent (UnityEngine.Event e, UnityEngine.Matrix4x4 worldTransform, UnityEngine.Rect clippingRect, System.Action onGUIHandler, System.Boolean canAffectFocus) (at <6aef74cd6e9c4a708ea4a51c97de39d4>:0)
UnityEngine.UIElements.IMGUIContainer.HandleIMGUIEvent (UnityEngine.Event e, System.Action onGUIHandler, System.Boolean canAffectFocus) (at <6aef74cd6e9c4a708ea4a51c97de39d4>:0)
UnityEngine.UIElements.IMGUIContainer.HandleIMGUIEvent (UnityEngine.Event e, System.Boolean canAffectFocus) (at <6aef74cd6e9c4a708ea4a51c97de39d4>:0)
UnityEngine.UIElements.IMGUIContainer.SendEventToIMGUIRaw (UnityEngine.UIElements.EventBase evt, System.Boolean canAffectFocus, System.Boolean verifyBounds) (at <6aef74cd6e9c4a708ea4a51c97de39d4>:0)
UnityEngine.UIElements.IMGUIContainer.SendEventToIMGUI (UnityEngine.UIElements.EventBase evt, System.Boolean canAffectFocus, System.Boolean verifyBounds) (at <6aef74cd6e9c4a708ea4a51c97de39d4>:0)
UnityEngine.UIElements.IMGUIContainer.HandleEvent (UnityEngine.UIElements.EventBase evt) (at <6aef74cd6e9c4a708ea4a51c97de39d4>:0)
UnityEngine.UIElements.CallbackEventHandler.HandleEventAtTargetPhase (UnityEngine.UIElements.EventBase evt) (at <6aef74cd6e9c4a708ea4a51c97de39d4>:0)
UnityEngine.UIElements.MouseCaptureDispatchingStrategy.DispatchEvent (UnityEngine.UIElements.EventBase evt, UnityEngine.UIElements.IPanel panel) (at <6aef74cd6e9c4a708ea4a51c97de39d4>:0)
UnityEngine.UIElements.EventDispatcher.ApplyDispatchingStrategies (UnityEngine.UIElements.EventBase evt, UnityEngine.UIElements.IPanel panel, System.Boolean imguiEventIsInitiallyUsed) (at <6aef74cd6e9c4a708ea4a51c97de39d4>:0)
UnityEngine.UIElements.EventDispatcher.ProcessEvent (UnityEngine.UIElements.EventBase evt, UnityEngine.UIElements.IPanel panel) (at <6aef74cd6e9c4a708ea4a51c97de39d4>:0)
UnityEngine.UIElements.EventDispatcher.ProcessEventQueue () (at <6aef74cd6e9c4a708ea4a51c97de39d4>:0)
UnityEngine.UIElements.EventDispatcher.OpenGate () (at <6aef74cd6e9c4a708ea4a51c97de39d4>:0)
UnityEngine.UIElements.EventDispatcherGate.Dispose () (at <6aef74cd6e9c4a708ea4a51c97de39d4>:0)
UnityEngine.UIElements.EventDispatcher.ProcessEvent (UnityEngine.UIElements.EventBase evt, UnityEngine.UIElements.IPanel panel) (at <6aef74cd6e9c4a708ea4a51c97de39d4>:0)
UnityEngine.UIElements.EventDispatcher.Dispatch (UnityEngine.UIElements.EventBase evt, UnityEngine.UIElements.IPanel panel, UnityEngine.UIElements.DispatchMode dispatchMode) (at <6aef74cd6e9c4a708ea4a51c97de39d4>:0)
UnityEngine.UIElements.BaseVisualElementPanel.SendEvent (UnityEngine.UIElements.EventBase e, UnityEngine.UIElements.DispatchMode dispatchMode) (at <6aef74cd6e9c4a708ea4a51c97de39d4>:0)
UnityEngine.UIElements.UIElementsUtility.DoDispatch (UnityEngine.UIElements.BaseVisualElementPanel panel) (at <6aef74cd6e9c4a708ea4a51c97de39d4>:0)
UnityEngine.UIElements.UIElementsUtility.UnityEngine.UIElements.IUIElementsUtility.ProcessEvent (System.Int32 instanceID, System.IntPtr nativeEventPtr, System.Boolean& eventHandled) (at <6aef74cd6e9c4a708ea4a51c97de39d4>:0)
UnityEngine.UIElements.UIEventRegistration.ProcessEvent (System.Int32 instanceID, System.IntPtr nativeEventPtr) (at <6aef74cd6e9c4a708ea4a51c97de39d4>:0)
UnityEngine.UIElements.UIEventRegistration+<>c.<.cctor>b__1_2 (System.Int32 i, System.IntPtr ptr) (at <6aef74cd6e9c4a708ea4a51c97de39d4>:0)
UnityEngine.GUIUtility.ProcessEvent (System.Int32 instanceID, System.IntPtr nativeEventPtr, System.Boolean& result) (at <9ff04fda545c4aacb8dab659ad40b2f4>:0)

2021-04-27 18:48:54.0085 [DEBUG] Scene Fusion version 1.9.1-4
2021-04-27 18:50:42.9397 [DEBUG] Scene Fusion version 1.9.1-4
2021-04-27 18:50:42.9427 [INFO] Setting define symbol SCENE_FUSION
